<?xml version="1.0" encoding="UTF-8"?>
<testng-results ignored="0" total="1" passed="1" failed="0" skipped="0">
  <reporter-output>
  </reporter-output>
  <suite started-at="2022-03-27T22:32:32 EDT" name="Surefire suite" finished-at="2022-03-27T22:32:32 EDT" duration-ms="111">
    <groups>
    </groups>
    <test started-at="2022-03-27T22:32:32 EDT" name="Surefire test" finished-at="2022-03-27T22:32:32 EDT" duration-ms="111">
      <class name="practice.March27.AppTest">
        <test-method signature="shouldAnswerWithTrue()" started-at="2022-03-27T22:32:32 EDT" name="shouldAnswerWithTrue" finished-at="2022-03-27T22:32:32 EDT" duration-ms="14" status="PASS">
          <reporter-output>
          </reporter-output>
        </test-method> <!-- shouldAnswerWithTrue -->
      </class> <!-- practice.March27.AppTest -->
    </test> <!-- Surefire test -->
  </suite> <!-- Surefire suite -->
</testng-results>
