<?xml version="1.0" encoding="UTF-8"?>
<testng-results ignored="0" total="1" passed="1" failed="0" skipped="0">
  <reporter-output>
  </reporter-output>
  <suite started-at="2022-03-27T22:32:24 EDT" name="Surefire suite" finished-at="2022-03-27T22:32:32 EDT" duration-ms="7865">
    <groups>
    </groups>
    <test started-at="2022-03-27T22:32:24 EDT" name="Surefire test" finished-at="2022-03-27T22:32:32 EDT" duration-ms="7865">
      <class name="practice.March27.LoginTest">
        <test-method signature="userlogin()[pri:0, instance:practice.March27.LoginTest@400cff1a]" started-at="2022-03-27T22:32:24 EDT" name="userlogin" finished-at="2022-03-27T22:32:32 EDT" duration-ms="7787" status="PASS">
          <reporter-output>
          </reporter-output>
        </test-method> <!-- userlogin -->
      </class> <!-- practice.March27.LoginTest -->
    </test> <!-- Surefire test -->
  </suite> <!-- Surefire suite -->
</testng-results>
