<?xml version="1.0" encoding="UTF-8"?>
<testng-results ignored="0" total="1" passed="1" failed="0" skipped="0">
  <reporter-output>
  </reporter-output>
  <suite started-at="2022-04-10T16:11:00 EDT" name="Default suite" finished-at="2022-04-10T16:11:06 EDT" duration-ms="6000">
    <groups>
    </groups>
    <test started-at="2022-04-10T16:11:00 EDT" name="Default test" finished-at="2022-04-10T16:11:06 EDT" duration-ms="6000">
      <class name="practice.March27.LandingTest">
        <test-method signature="Creditapp()[pri:0, instance:practice.March27.LandingTest@72057ecf]" started-at="2022-04-10T16:11:00 EDT" name="Creditapp" finished-at="2022-04-10T16:11:06 EDT" duration-ms="5959" status="PASS">
          <reporter-output>
          </reporter-output>
        </test-method> <!-- Creditapp -->
      </class> <!-- practice.March27.LandingTest -->
    </test> <!-- Default test -->
  </suite> <!-- Default suite -->
</testng-results>
